#
# A fatal error has been detected by the Java Runtime Environment:
#
#  EXCEPTION_ACCESS_VIOLATION (0xc0000005) at pc=0x000000005d558325, pid=3668, tid=8360
#
# JRE version: Java(TM) SE Runtime Environment (8.0_40-b23) (build 1.8.0_40-ea-b23)
# Java VM: Java HotSpot(TM) 64-Bit Server VM (25.40-b25 mixed mode windows-amd64 compressed oops)
# Problematic frame:
# V  [jvm.dll+0x128325]
#
# Failed to write core dump. Minidumps are not enabled by default on client versions of Windows
#
# If you would like to submit a bug report, please visit:
#   http://bugreport.java.com/bugreport/crash.jsp
#

---------------  T H R E A D  ---------------

Current thread (0x0000000016f64800):  JavaThread "JDWP Transport Listener: dt_socket" daemon [_thread_in_vm, id=8360, stack(0x00000000187b0000,0x00000000188b0000)]

siginfo: ExceptionCode=0xc0000005, reading address 0x0000000000000008

Registers:
RAX=0x00000000188af001, RBX=0x0000000016f64800, RCX=0x0000000000000008, RDX=0x0000000000000000
RSP=0x00000000188af0a0, RBP=0x0000000000000008, RSI=0x00000000188af1b8, RDI=0x00000000021b7e00
R8 =0x0000000016f64800, R9 =0x0000000000008000, R10=0x0000000000000000, R11=0x00000000188af325
R12=0x0000000000000000, R13=0x0000000016f655e8, R14=0x0000000000000000, R15=0x0000000000000000
RIP=0x000000005d558325, EFLAGS=0x0000000000010202

Top of Stack: (sp=0x00000000188af0a0)
0x00000000188af0a0:   0000000016f64800 0000000016f64800
0x00000000188af0b0:   00000000188af168 000000005d75c7ab
0x00000000188af0c0:   0000000016f64800 000000005d77900d
0x00000000188af0d0:   0000000000000000 000000005de59155
0x00000000188af0e0:   0000000016f87d08 000000005de6291e
0x00000000188af0f0:   0000000016f64800 0000000000000000
0x00000000188af100:   0000000000000000 0000000000000000
0x00000000188af110:   0000000000000008 000000005de61a15
0x00000000188af120:   00000000188af1b8 00000000188af190
0x00000000188af130:   0000000000000001 0000000016f87d08
0x00000000188af140:   0000000000000008 000000005de453b3
0x00000000188af150:   00000000188af280 0000000000000001
0x00000000188af160:   0000000000000001 0000000016f87d08
0x00000000188af170:   0000000000000009 0000000000000000
0x00000000188af180:   0000000000000000 0000000000000000
0x00000000188af190:   0000000000000001 000000005de45571 

Instructions: (pc=0x000000005d558325)
0x000000005d558305:   cc cc cc cc cc cc cc cc cc cc cc 48 83 ec 28 48
0x000000005d558315:   85 c9 75 07 33 c0 48 83 c4 28 c3 48 89 5c 24 20
0x000000005d558325:   48 8b 19 48 85 db 74 20 48 83 fb 37 74 1a 48 8b
0x000000005d558335:   13 48 8b cb ff 52 10 84 c0 74 0d 48 8b c3 48 8b 


Register to memory mapping:

RAX=0x00000000188af001 is pointing into the stack for thread: 0x0000000016f64800
RBX=0x0000000016f64800 is a thread
RCX=0x0000000000000008 is an unknown value
RDX=0x0000000000000000 is an unknown value
RSP=0x00000000188af0a0 is pointing into the stack for thread: 0x0000000016f64800
RBP=0x0000000000000008 is an unknown value
RSI=0x00000000188af1b8 is pointing into the stack for thread: 0x0000000016f64800
RDI=0x00000000021b7e00 is an unknown value
R8 =0x0000000016f64800 is a thread
R9 =0x0000000000008000 is an unknown value
R10=0x0000000000000000 is an unknown value
R11=0x00000000188af325 is pointing into the stack for thread: 0x0000000016f64800
R12=0x0000000000000000 is an unknown value
R13=0x0000000016f655e8 is an unknown value
R14=0x0000000000000000 is an unknown value
R15=0x0000000000000000 is an unknown value


Stack: [0x00000000187b0000,0x00000000188b0000],  sp=0x00000000188af0a0,  free space=1020k
Native frames: (J=compiled Java code, j=interpreted, Vv=VM code, C=native code)
V  [jvm.dll+0x128325]
V  [jvm.dll+0x34900d]
C  [jdwp.dll+0x21a15]
C  [jdwp.dll+0x53b3]
C  [jdwp.dll+0x5571]
C  [jdwp.dll+0xf0a8]
C  [jdwp.dll+0x1f2d5]
C  [jdwp.dll+0x1f4aa]
V  [jvm.dll+0x1baef8]
V  [jvm.dll+0x2418f4]
V  [jvm.dll+0x2983ea]
C  [msvcr100.dll+0x21d9f]
C  [msvcr100.dll+0x21e3b]
C  [KERNEL32.DLL+0x16ad]
C  [ntdll.dll+0x54409]


---------------  P R O C E S S  ---------------

Java Threads: ( => current thread )
  0x0000000018e0e800 JavaThread "Service Thread" daemon [_thread_blocked, id=3044, stack(0x00000000191b0000,0x00000000192b0000)]
  0x0000000016f8d800 JavaThread "C1 CompilerThread2" daemon [_thread_blocked, id=8792, stack(0x0000000018cb0000,0x0000000018db0000)]
  0x0000000016f8b800 JavaThread "C2 CompilerThread1" daemon [_thread_blocked, id=8628, stack(0x0000000018bb0000,0x0000000018cb0000)]
  0x0000000016f84800 JavaThread "C2 CompilerThread0" daemon [_thread_blocked, id=9020, stack(0x0000000018ab0000,0x0000000018bb0000)]
  0x0000000016f79000 JavaThread "JDWP Command Reader" daemon [_thread_in_native, id=6520, stack(0x00000000189b0000,0x0000000018ab0000)]
  0x0000000016f77800 JavaThread "JDWP Event Helper Thread" daemon [_thread_blocked, id=8904, stack(0x00000000188b0000,0x00000000189b0000)]
=>0x0000000016f64800 JavaThread "JDWP Transport Listener: dt_socket" daemon [_thread_in_vm, id=8360, stack(0x00000000187b0000,0x00000000188b0000)]
  0x0000000016f5e000 JavaThread "Attach Listener" daemon [_thread_blocked, id=6200, stack(0x00000000183d0000,0x00000000184d0000)]
  0x0000000016f5d000 JavaThread "Signal Dispatcher" daemon [_thread_blocked, id=2296, stack(0x00000000182d0000,0x00000000183d0000)]
  0x00000000023b7800 JavaThread "Finalizer" daemon [_thread_blocked, id=8384, stack(0x00000000181b0000,0x00000000182b0000)]
  0x00000000023ae800 JavaThread "Reference Handler" daemon [_thread_blocked, id=7812, stack(0x00000000180b0000,0x00000000181b0000)]
  0x00000000021bd800 JavaThread "main" [_thread_blocked, id=7520, stack(0x00000000021c0000,0x00000000022c0000)]

Other Threads:
  0x0000000016f27000 VMThread [stack: 0x0000000017fb0000,0x00000000180b0000] [id=9140]
  0x0000000018e1a000 WatcherThread [stack: 0x00000000192b0000,0x00000000193b0000] [id=6276]

VM state:not at safepoint (normal execution)

VM Mutex/Monitor currently owned by a thread: None

Heap:
 PSYoungGen      total 38400K, used 2662K [0x00000000d5a00000, 0x00000000d8480000, 0x0000000100000000)
  eden space 33280K, 8% used [0x00000000d5a00000,0x00000000d5c99a70,0x00000000d7a80000)
  from space 5120K, 0% used [0x00000000d7f80000,0x00000000d7f80000,0x00000000d8480000)
  to   space 5120K, 0% used [0x00000000d7a80000,0x00000000d7a80000,0x00000000d7f80000)
 ParOldGen       total 87552K, used 0K [0x0000000080e00000, 0x0000000086380000, 0x00000000d5a00000)
  object space 87552K, 0% used [0x0000000080e00000,0x0000000080e00000,0x0000000086380000)
 Metaspace       used 2436K, capacity 4494K, committed 4864K, reserved 1056768K
  class space    used 267K, capacity 386K, committed 512K, reserved 1048576K

Card table byte_map: [0x0000000011780000,0x0000000011b80000] byte_map_base: 0x0000000011379000

Marking Bits: (ParMarkBitMap*) 0x000000005dc33040
 Begin Bits: [0x0000000012230000, 0x00000000141f8000)
 End Bits:   [0x00000000141f8000, 0x00000000161c0000)

Polling page: 0x0000000000a00000

CodeCache: size=245760Kb used=1092Kb max_used=1092Kb free=244667Kb
 bounds [0x00000000023c0000, 0x0000000002630000, 0x00000000113c0000]
 total_blobs=242 nmethods=20 adapters=144
 compilation: enabled

Compilation events (10 events):
Event: 0.194 Thread 0x0000000016f8d800   16       3       java.lang.String::<init> (62 bytes)
Event: 0.195 Thread 0x0000000016f8d800 nmethod 16 0x00000000024cebd0 code [0x00000000024ceda0, 0x00000000024cf218]
Event: 0.195 Thread 0x0000000016f8d800   17       3       java.io.WinNTFileSystem::isSlash (18 bytes)
Event: 0.195 Thread 0x0000000016f8d800 nmethod 17 0x00000000024cf4d0 code [0x00000000024cf620, 0x00000000024cf810]
Event: 0.195 Thread 0x0000000016f8d800   18  s    3       java.lang.StringBuffer::append (13 bytes)
Event: 0.196 Thread 0x0000000016f8d800 nmethod 18 0x00000000024cf890 code [0x00000000024cfa20, 0x00000000024cff28]
Event: 0.196 Thread 0x0000000016f8d800   19       3       java.lang.String::getChars (62 bytes)
Event: 0.196 Thread 0x0000000016f8d800 nmethod 19 0x00000000024d0190 code [0x00000000024d0360, 0x00000000024d0818]
Event: 0.201 Thread 0x0000000016f8d800   20       3       java.lang.Math::min (11 bytes)
Event: 0.201 Thread 0x0000000016f8d800 nmethod 20 0x00000000024d10d0 code [0x00000000024d1220, 0x00000000024d13b0]

GC Heap History (0 events):
No events

Deoptimization events (0 events):
No events

Internal exceptions (2 events):
Event: 0.062 Thread 0x00000000021bd800 Exception <a 'java/lang/NoSuchMethodError': Method sun.misc.Unsafe.defineClass(Ljava/lang/String;[BII)Ljava/lang/Class; name or signature does not match> (0x00000000d5a12f00) thrown at [C:\re\workspace\8-2-build-windows-amd64-cygwin\jdk8u40\2714.nc\hotspotÇ¦é&Cî¯?
Event: 0.062 Thread 0x00000000021bd800 Exception <a 'java/lang/NoSuchMethodError': Method sun.misc.Unsafe.prefetchRead(Ljava/lang/Object;J)V name or signature does not match> (0x00000000d5a13190) thrown at [C:\re\workspace\8-2-build-windows-amd64-cygwin\jdk8u40\2714.nc\hotspot\src\share\vm\prim

Events (10 events):
Event: 0.203 loading class java/lang/Class$MethodArray
Event: 0.203 loading class java/lang/Class$MethodArray done
Event: 0.204 Executing VM operation: ChangeBreakpoints
Event: 0.204 Executing VM operation: ChangeBreakpoints done
Event: 0.205 loading class java/lang/Void
Event: 0.205 loading class java/lang/Void done
Event: 4.228 Executing VM operation: EnableBiasedLocking
Event: 4.228 Executing VM operation: EnableBiasedLocking done
Event: 207.143 Executing VM operation: RedefineClasses
Event: 207.143 Executing VM operation: RedefineClasses done


Dynamic libraries:
0x00007ff6adf50000 - 0x00007ff6adf87000 	C:\Program Files\Java\jre1.8.0_40\bin\javaw.exe
0x00007ffcd2850000 - 0x00007ffcd29f6000 	C:\Windows\SYSTEM32\ntdll.dll
0x00007ffcd0630000 - 0x00007ffcd076a000 	C:\Windows\system32\KERNEL32.DLL
0x00007ffccfe70000 - 0x00007ffccff7f000 	C:\Windows\system32\KERNELBASE.dll
0x00007ffcce7d0000 - 0x00007ffcce858000 	C:\Windows\system32\apphelp.dll
0x00007ffcc3370000 - 0x00007ffcc33bf000 	C:\Windows\AppPatch\AppPatch64\AcGenral.DLL
0x00007ffcd0580000 - 0x00007ffcd0627000 	C:\Windows\system32\msvcrt.dll
0x00007ffccf9a0000 - 0x00007ffccf9cb000 	C:\Windows\SYSTEM32\SspiCli.dll
0x00007ffcd00d0000 - 0x00007ffcd0121000 	C:\Windows\system32\SHLWAPI.dll
0x00007ffcd0a90000 - 0x00007ffcd0c01000 	C:\Windows\system32\USER32.dll
0x00007ffcd2560000 - 0x00007ffcd26d8000 	C:\Windows\system32\ole32.dll
0x00007ffcd0dd0000 - 0x00007ffcd21df000 	C:\Windows\system32\SHELL32.dll
0x00007ffccf1b0000 - 0x00007ffccf1ce000 	C:\Windows\SYSTEM32\USERENV.dll
0x00007ffcd26e0000 - 0x00007ffcd2785000 	C:\Windows\system32\ADVAPI32.dll
0x00007ffcc9310000 - 0x00007ffcc932b000 	C:\Windows\SYSTEM32\MPR.dll
0x00007ffcd0130000 - 0x00007ffcd0267000 	C:\Windows\system32\RPCRT4.dll
0x00007ffcd0950000 - 0x00007ffcd09a7000 	C:\Windows\SYSTEM32\sechost.dll
0x00007ffcd2380000 - 0x00007ffcd2556000 	C:\Windows\SYSTEM32\combase.dll
0x00007ffcd0c70000 - 0x00007ffcd0db4000 	C:\Windows\system32\GDI32.dll
0x00007ffccfbc0000 - 0x00007ffccfbd4000 	C:\Windows\SYSTEM32\profapi.dll
0x00007ffcce1c0000 - 0x00007ffcce25f000 	C:\Windows\SYSTEM32\SHCORE.dll
0x00007ffcd09b0000 - 0x00007ffcd09e4000 	C:\Windows\system32\IMM32.DLL
0x00007ffcd0420000 - 0x00007ffcd0559000 	C:\Windows\system32\MSCTF.dll
0x00007ffccc770000 - 0x00007ffccc9ca000 	C:\Windows\WinSxS\amd64_microsoft.windows.common-controls_6595b64144ccf1df_6.0.9600.17031_none_6242a4b3ecbb55a1\COMCTL32.dll
0x000000005cfb0000 - 0x000000005d082000 	C:\Program Files\Java\jre1.8.0_40\bin\msvcr100.dll
0x000000005d430000 - 0x000000005dcb2000 	C:\Program Files\Java\jre1.8.0_40\bin\server\jvm.dll
0x00007ffcc34d0000 - 0x00007ffcc34d9000 	C:\Windows\SYSTEM32\WSOCK32.dll
0x00007ffccbb70000 - 0x00007ffccbb8f000 	C:\Windows\SYSTEM32\WINMM.dll
0x00007ffccc9d0000 - 0x00007ffccc9da000 	C:\Windows\SYSTEM32\VERSION.dll
0x00007ffcd0270000 - 0x00007ffcd0277000 	C:\Windows\system32\PSAPI.DLL
0x00007ffcd0280000 - 0x00007ffcd02d8000 	C:\Windows\system32\WS2_32.dll
0x00007ffccb5d0000 - 0x00007ffccb5fa000 	C:\Windows\SYSTEM32\WINMMBASE.dll
0x00007ffcd2790000 - 0x00007ffcd2799000 	C:\Windows\system32\NSI.dll
0x00007ffccffd0000 - 0x00007ffcd001a000 	C:\Windows\SYSTEM32\cfgmgr32.dll
0x00007ffccea20000 - 0x00007ffccea46000 	C:\Windows\SYSTEM32\DEVOBJ.dll
0x000000005e030000 - 0x000000005e03f000 	C:\Program Files\Java\jre1.8.0_40\bin\verify.dll
0x000000005e000000 - 0x000000005e029000 	C:\Program Files\Java\jre1.8.0_40\bin\java.dll
0x000000005de40000 - 0x000000005de75000 	C:\Program Files\Java\jre1.8.0_40\bin\jdwp.dll
0x000000005cfa0000 - 0x000000005cfa8000 	C:\Program Files\Java\jre1.8.0_40\bin\npt.dll
0x000000005dfe0000 - 0x000000005dff6000 	C:\Program Files\Java\jre1.8.0_40\bin\zip.dll
0x000000005cf90000 - 0x000000005cf99000 	C:\Program Files\Java\jre1.8.0_40\bin\dt_socket.dll
0x00007ffcc5ec0000 - 0x00007ffcc5ed4000 	C:\Windows\system32\napinsp.dll
0x00007ffcc5ea0000 - 0x00007ffcc5eb9000 	C:\Windows\system32\pnrpnsp.dll
0x00007ffcca1e0000 - 0x00007ffcca1fb000 	C:\Windows\system32\NLAapi.dll
0x00007ffccf400000 - 0x00007ffccf458000 	C:\Windows\System32\mswsock.dll
0x00007ffccf210000 - 0x00007ffccf2b3000 	C:\Windows\SYSTEM32\DNSAPI.dll
0x00007ffcc5f60000 - 0x00007ffcc5f6c000 	C:\Windows\System32\winrnr.dll
0x00007ffcc9860000 - 0x00007ffcc98c8000 	C:\Windows\System32\fwpuclnt.dll
0x00007ffcc7200000 - 0x00007ffcc7209000 	C:\Windows\System32\rasadhlp.dll
0x00007ffcc9e50000 - 0x00007ffcc9fd8000 	C:\Windows\SYSTEM32\dbghelp.dll

VM Arguments:
jvm_args: -agentlib:jdwp=transport=dt_socket,suspend=y,address=localhost:53867 -Dfile.encoding=UTF-8 
java_command: Problems3.Biggest3PrimeNumbers
java_class_path (initial): D:\JavaBasics\Exams\bin
Launcher Type: SUN_STANDARD

Environment Variables:
PATH=C:/Program Files/Java/jre1.8.0_40/bin/server;C:/Program Files/Java/jre1.8.0_40/bin;C:/Program Files/Java/jre1.8.0_40/lib/amd64;C:\ProgramData\Oracle\Java\javapath;C:\Program Files (x86)\NVIDIA Corporation\PhysX\Common;C:\Windows\system32;C:\Windows;C:\Windows\System32\Wbem;C:\Windows\System32\WindowsPowerShell\v1.0\;C:\Program Files (x86)\Windows Kits\8.1\Windows Performance Toolkit\;C:\Program Files\Microsoft SQL Server\110\Tools\Binn\;C:\Program Files (x86)\Microsoft SDKs\TypeScript\1.0\;C:\Program Files\Microsoft SQL Server\120\Tools\Binn\;C:\Program Files\TortoiseSVN\bin;C:\Program Files (x86)\Git\cmd;C:\Program Files (x86)\Git\bin; C:\Program Files\Java\jdk1.8.0_40\bin;C:\Program Files\Java\jdk1.8.0_40\bin;D:\Programs\eclipse;
USERNAME=Katerina
OS=Windows_NT
PROCESSOR_IDENTIFIER=Intel64 Family 6 Model 58 Stepping 9, GenuineIntel



---------------  S Y S T E M  ---------------

OS: Windows 8.1 , 64 bit Build 9600 (6.3.9600.17056)

CPU:total 4 (4 cores per cpu, 1 threads per core) family 6 model 58 stepping 9, cmov, cx8, fxsr, mmx, sse, sse2, sse3, ssse3, sse4.1, sse4.2, popcnt, avx, aes, clmul, erms, tsc, tscinvbit, tscinv

Memory: 4k page, physical 8326680k(4945316k free), swap 12741952k(3651700k free)

vm_info: Java HotSpot(TM) 64-Bit Server VM (25.40-b25) for windows-amd64 JRE (1.8.0_40-ea-b23), built on Jan 27 2015 19:35:49 by "java_re" with MS VC++ 10.0 (VS2010)

time: Sat Feb 07 17:03:33 2015
elapsed time: 207 seconds (0d 0h 3m 27s)

