#
# A fatal error has been detected by the Java Runtime Environment:
#
#  EXCEPTION_ACCESS_VIOLATION (0xc0000005) at pc=0x000000005d558325, pid=9160, tid=7292
#
# JRE version: Java(TM) SE Runtime Environment (8.0_40-b23) (build 1.8.0_40-ea-b23)
# Java VM: Java HotSpot(TM) 64-Bit Server VM (25.40-b25 mixed mode windows-amd64 compressed oops)
# Problematic frame:
# V  [jvm.dll+0x128325]
#
# Failed to write core dump. Minidumps are not enabled by default on client versions of Windows
#
# If you would like to submit a bug report, please visit:
#   http://bugreport.java.com/bugreport/crash.jsp
#

---------------  T H R E A D  ---------------

Current thread (0x0000000017135000):  JavaThread "JDWP Transport Listener: dt_socket" daemon [_thread_in_vm, id=7292, stack(0x0000000018980000,0x0000000018a80000)]

siginfo: ExceptionCode=0xc0000005, reading address 0xffffffffffffffff

Registers:
RAX=0x0000000018a7f201, RBX=0x0000000017135000, RCX=0x003b726500000008, RDX=0x0000000000000000
RSP=0x0000000018a7f1c0, RBP=0x003b726500000008, RSI=0x0000000018a7f2d8, RDI=0x0000000000a47e00
R8 =0x0000000017135000, R9 =0x0000000000008000, R10=0x0000000000000000, R11=0x0000000018a7f445
R12=0x0000000000000000, R13=0x0000000017135fc8, R14=0x0000000000000000, R15=0x0000000000000000
RIP=0x000000005d558325, EFLAGS=0x0000000000010202

Top of Stack: (sp=0x0000000018a7f1c0)
0x0000000018a7f1c0:   0000000017135000 0000000017135000
0x0000000018a7f1d0:   0000000018a7f288 000000005d75c7ab
0x0000000018a7f1e0:   0000000017135000 000000005d77900d
0x0000000018a7f1f0:   0000000000000000 000000005de59155
0x0000000018a7f200:   00000000171559a8 000000005de6291e
0x0000000018a7f210:   0000000017135000 0000000000000000
0x0000000018a7f220:   0000000000000000 0000000000000000
0x0000000018a7f230:   003b726500000008 000000005de61a15
0x0000000018a7f240:   0000000018a7f2d8 0000000018a7f2b0
0x0000000018a7f250:   0000000000000001 00000000171559a8
0x0000000018a7f260:   003b726500000008 000000005de453b3
0x0000000018a7f270:   0000000018a7f3a0 0000000000000001
0x0000000018a7f280:   0000000000000001 00000000171559a8
0x0000000018a7f290:   0000000000000009 0000000000000000
0x0000000018a7f2a0:   0000000000000000 0000000000000000
0x0000000018a7f2b0:   0000000000000001 000000005de45571 

Instructions: (pc=0x000000005d558325)
0x000000005d558305:   cc cc cc cc cc cc cc cc cc cc cc 48 83 ec 28 48
0x000000005d558315:   85 c9 75 07 33 c0 48 83 c4 28 c3 48 89 5c 24 20
0x000000005d558325:   48 8b 19 48 85 db 74 20 48 83 fb 37 74 1a 48 8b
0x000000005d558335:   13 48 8b cb ff 52 10 84 c0 74 0d 48 8b c3 48 8b 


Register to memory mapping:

RAX=0x0000000018a7f201 is pointing into the stack for thread: 0x0000000017135000
RBX=0x0000000017135000 is a thread
RCX=0x003b726500000008 is an unknown value
RDX=0x0000000000000000 is an unknown value
RSP=0x0000000018a7f1c0 is pointing into the stack for thread: 0x0000000017135000
RBP=0x003b726500000008 is an unknown value
RSI=0x0000000018a7f2d8 is pointing into the stack for thread: 0x0000000017135000
RDI=0x0000000000a47e00 is an unknown value
R8 =0x0000000017135000 is a thread
R9 =0x0000000000008000 is an unknown value
R10=0x0000000000000000 is an unknown value
R11=0x0000000018a7f445 is pointing into the stack for thread: 0x0000000017135000
R12=0x0000000000000000 is an unknown value
R13=0x0000000017135fc8 is an unknown value
R14=0x0000000000000000 is an unknown value
R15=0x0000000000000000 is an unknown value


Stack: [0x0000000018980000,0x0000000018a80000],  sp=0x0000000018a7f1c0,  free space=1020k
Native frames: (J=compiled Java code, j=interpreted, Vv=VM code, C=native code)
V  [jvm.dll+0x128325]
V  [jvm.dll+0x34900d]
C  [jdwp.dll+0x21a15]
C  [jdwp.dll+0x53b3]
C  [jdwp.dll+0x5571]
C  [jdwp.dll+0xf0a8]
C  [jdwp.dll+0x1f2d5]
C  [jdwp.dll+0x1f4aa]
V  [jvm.dll+0x1baef8]
V  [jvm.dll+0x2418f4]
V  [jvm.dll+0x2983ea]
C  [msvcr100.dll+0x21d9f]
C  [msvcr100.dll+0x21e3b]
C  [KERNEL32.DLL+0x16ad]
C  [ntdll.dll+0x54409]


---------------  P R O C E S S  ---------------

Java Threads: ( => current thread )
  0x0000000018fe5800 JavaThread "Service Thread" daemon [_thread_blocked, id=1808, stack(0x0000000019380000,0x0000000019480000)]
  0x000000001715c800 JavaThread "C1 CompilerThread2" daemon [_thread_blocked, id=7232, stack(0x0000000018e80000,0x0000000018f80000)]
  0x0000000017157800 JavaThread "C2 CompilerThread1" daemon [_thread_blocked, id=8060, stack(0x0000000018d80000,0x0000000018e80000)]
  0x0000000017152800 JavaThread "C2 CompilerThread0" daemon [_thread_blocked, id=5128, stack(0x0000000018c80000,0x0000000018d80000)]
  0x0000000017147800 JavaThread "JDWP Command Reader" daemon [_thread_in_native, id=7372, stack(0x0000000018b80000,0x0000000018c80000)]
  0x0000000017145000 JavaThread "JDWP Event Helper Thread" daemon [_thread_blocked, id=8164, stack(0x0000000018a80000,0x0000000018b80000)]
=>0x0000000017135000 JavaThread "JDWP Transport Listener: dt_socket" daemon [_thread_in_vm, id=7292, stack(0x0000000018980000,0x0000000018a80000)]
  0x000000001712d800 JavaThread "Attach Listener" daemon [_thread_blocked, id=7792, stack(0x00000000185a0000,0x00000000186a0000)]
  0x000000001712c000 JavaThread "Signal Dispatcher" daemon [_thread_blocked, id=8228, stack(0x00000000184a0000,0x00000000185a0000)]
  0x00000000024f7000 JavaThread "Finalizer" daemon [_thread_blocked, id=8216, stack(0x00000000183a0000,0x00000000184a0000)]
  0x00000000024ee000 JavaThread "Reference Handler" daemon [_thread_blocked, id=8212, stack(0x00000000182a0000,0x00000000183a0000)]
  0x0000000000a4d800 JavaThread "main" [_thread_blocked, id=9188, stack(0x0000000000b50000,0x0000000000c50000)]

Other Threads:
  0x00000000170f6800 VMThread [stack: 0x00000000181a0000,0x00000000182a0000] [id=9208]
  0x0000000018fe8800 WatcherThread [stack: 0x0000000019480000,0x0000000019580000] [id=6420]

VM state:not at safepoint (normal execution)

VM Mutex/Monitor currently owned by a thread: None

Heap:
 PSYoungGen      total 38400K, used 3328K [0x00000000d5a00000, 0x00000000d8480000, 0x0000000100000000)
  eden space 33280K, 10% used [0x00000000d5a00000,0x00000000d5d40230,0x00000000d7a80000)
  from space 5120K, 0% used [0x00000000d7f80000,0x00000000d7f80000,0x00000000d8480000)
  to   space 5120K, 0% used [0x00000000d7a80000,0x00000000d7a80000,0x00000000d7f80000)
 ParOldGen       total 87552K, used 0K [0x0000000080e00000, 0x0000000086380000, 0x00000000d5a00000)
  object space 87552K, 0% used [0x0000000080e00000,0x0000000080e00000,0x0000000086380000)
 Metaspace       used 3494K, capacity 4616K, committed 4864K, reserved 1056768K
  class space    used 407K, capacity 432K, committed 512K, reserved 1048576K

Card table byte_map: [0x0000000011950000,0x0000000011d50000] byte_map_base: 0x0000000011549000

Marking Bits: (ParMarkBitMap*) 0x000000005dc33040
 Begin Bits: [0x0000000012400000, 0x00000000143c8000)
 End Bits:   [0x00000000143c8000, 0x0000000016390000)

Polling page: 0x0000000000a00000

CodeCache: size=245760Kb used=1125Kb max_used=1125Kb free=244635Kb
 bounds [0x0000000002590000, 0x0000000002800000, 0x0000000011590000]
 total_blobs=279 nmethods=37 adapters=164
 compilation: enabled

Compilation events (10 events):
Event: 46.844 Thread 0x000000001715c800   31       3       java.util.AbstractList$Itr::checkForComodification (23 bytes)
Event: 46.844 Thread 0x000000001715c800 nmethod 31 0x00000000026a7410 code [0x00000000026a7580, 0x00000000026a77a8]
Event: 47.972 Thread 0x000000001715c800   32       3       java.lang.Integer::toString (8 bytes)
Event: 47.972 Thread 0x000000001715c800 nmethod 32 0x00000000026a78d0 code [0x00000000026a7a40, 0x00000000026a7bc8]
Event: 47.972 Thread 0x000000001715c800   33       3       java.lang.Integer::toString (48 bytes)
Event: 47.972 Thread 0x000000001715c800 nmethod 33 0x00000000026a7c50 code [0x00000000026a7e20, 0x00000000026a8468]
Event: 971.025 Thread 0x000000001715c800   34       3       java.util.concurrent.ConcurrentHashMap::setTabAt (19 bytes)
Event: 971.025 Thread 0x000000001715c800 nmethod 34 0x00000000026a8f90 code [0x00000000026a90e0, 0x00000000026a9250]
Event: 971.026 Thread 0x000000001715c800   36       3       java.util.concurrent.ConcurrentHashMap::tabAt (21 bytes)
Event: 971.026 Thread 0x000000001715c800 nmethod 36 0x00000000026a92d0 code [0x00000000026a9420, 0x00000000026a9650]

GC Heap History (0 events):
No events

Deoptimization events (0 events):
No events

Internal exceptions (6 events):
Event: 0.030 Thread 0x0000000000a4d800 Exception <a 'java/lang/NoSuchMethodError': Method sun.misc.Unsafe.defineClass(Ljava/lang/String;[BII)Ljava/lang/Class; name or signature does not match> (0x00000000d5a12f00) thrown at [C:\re\workspace\8-2-build-windows-amd64-cygwin\jdk8u40\2714.nc\hotspot)ÿ
 [yž?
Event: 0.030 Thread 0x0000000000a4d800 Exception <a 'java/lang/NoSuchMethodError': Method sun.misc.Unsafe.prefetchRead(Ljava/lang/Object;J)V name or signature does not match> (0x00000000d5a13190) thrown at [C:\re\workspace\8-2-build-windows-amd64-cygwin\jdk8u40\2714.nc\hotspot\src\share\vm\primýyMc@
Event: 2.923 Thread 0x0000000000a4d800 Exception <a 'java/security/PrivilegedActionException'> (0x00000000d5a87210) thrown at [C:\re\workspace\8-2-build-windows-amd64-cygwin\jdk8u40\2714.nc\hotspot\src\share\vm\prims\jvm.cpp, line 1382]
Event: 2.923 Thread 0x0000000000a4d800 Exception <a 'java/security/PrivilegedActionException'> (0x00000000d5a87558) thrown at [C:\re\workspace\8-2-build-windows-amd64-cygwin\jdk8u40\2714.nc\hotspot\src\share\vm\prims\jvm.cpp, line 1382]
Event: 2.943 Thread 0x0000000000a4d800 Exception <a 'java/security/PrivilegedActionException'> (0x00000000d5a8b1e0) thrown at [C:\re\workspace\8-2-build-windows-amd64-cygwin\jdk8u40\2714.nc\hotspot\src\share\vm\prims\jvm.cpp, line 1382]
Event: 2.943 Thread 0x0000000000a4d800 Exception <a 'java/security/PrivilegedActionException'> (0x00000000d5a8b528) thrown at [C:\re\workspace\8-2-build-windows-amd64-cygwin\jdk8u40\2714.nc\hotspot\src\share\vm\prims\jvm.cpp, line 1382]

Events (10 events):
Event: 1319.256 Executing VM operation: RedefineClasses
Event: 1319.256 Executing VM operation: RedefineClasses done
Event: 1319.259 Executing VM operation: ChangeBreakpoints
Event: 1319.259 Executing VM operation: ChangeBreakpoints done
Event: 1498.329 Executing VM operation: RedefineClasses
Event: 1498.330 Executing VM operation: RedefineClasses done
Event: 1498.332 Executing VM operation: ChangeBreakpoints
Event: 1498.332 Executing VM operation: ChangeBreakpoints done
Event: 2048.668 Executing VM operation: RedefineClasses
Event: 2048.669 Executing VM operation: RedefineClasses done


Dynamic libraries:
0x00007ff6adf50000 - 0x00007ff6adf87000 	C:\Program Files\Java\jre1.8.0_40\bin\javaw.exe
0x00007ffcd2850000 - 0x00007ffcd29f6000 	C:\Windows\SYSTEM32\ntdll.dll
0x00007ffcd0630000 - 0x00007ffcd076a000 	C:\Windows\system32\KERNEL32.DLL
0x00007ffccfe70000 - 0x00007ffccff7f000 	C:\Windows\system32\KERNELBASE.dll
0x00007ffcce7d0000 - 0x00007ffcce858000 	C:\Windows\system32\apphelp.dll
0x00007ffcc3370000 - 0x00007ffcc33bf000 	C:\Windows\AppPatch\AppPatch64\AcGenral.DLL
0x00007ffcd0580000 - 0x00007ffcd0627000 	C:\Windows\system32\msvcrt.dll
0x00007ffccf9a0000 - 0x00007ffccf9cb000 	C:\Windows\SYSTEM32\SspiCli.dll
0x00007ffcd00d0000 - 0x00007ffcd0121000 	C:\Windows\system32\SHLWAPI.dll
0x00007ffcd0a90000 - 0x00007ffcd0c01000 	C:\Windows\system32\USER32.dll
0x00007ffcd2560000 - 0x00007ffcd26d8000 	C:\Windows\system32\ole32.dll
0x00007ffcd0dd0000 - 0x00007ffcd21df000 	C:\Windows\system32\SHELL32.dll
0x00007ffccf1b0000 - 0x00007ffccf1ce000 	C:\Windows\SYSTEM32\USERENV.dll
0x00007ffcd26e0000 - 0x00007ffcd2785000 	C:\Windows\system32\ADVAPI32.dll
0x00007ffcc9310000 - 0x00007ffcc932b000 	C:\Windows\SYSTEM32\MPR.dll
0x00007ffcd0130000 - 0x00007ffcd0267000 	C:\Windows\system32\RPCRT4.dll
0x00007ffcd0950000 - 0x00007ffcd09a7000 	C:\Windows\SYSTEM32\sechost.dll
0x00007ffcd2380000 - 0x00007ffcd2556000 	C:\Windows\SYSTEM32\combase.dll
0x00007ffcd0c70000 - 0x00007ffcd0db4000 	C:\Windows\system32\GDI32.dll
0x00007ffccfbc0000 - 0x00007ffccfbd4000 	C:\Windows\SYSTEM32\profapi.dll
0x00007ffcce1c0000 - 0x00007ffcce25f000 	C:\Windows\SYSTEM32\SHCORE.dll
0x00007ffcd09b0000 - 0x00007ffcd09e4000 	C:\Windows\system32\IMM32.DLL
0x00007ffcd0420000 - 0x00007ffcd0559000 	C:\Windows\system32\MSCTF.dll
0x00007ffccc770000 - 0x00007ffccc9ca000 	C:\Windows\WinSxS\amd64_microsoft.windows.common-controls_6595b64144ccf1df_6.0.9600.17031_none_6242a4b3ecbb55a1\COMCTL32.dll
0x000000005cfb0000 - 0x000000005d082000 	C:\Program Files\Java\jre1.8.0_40\bin\msvcr100.dll
0x000000005d430000 - 0x000000005dcb2000 	C:\Program Files\Java\jre1.8.0_40\bin\server\jvm.dll
0x00007ffcc34d0000 - 0x00007ffcc34d9000 	C:\Windows\SYSTEM32\WSOCK32.dll
0x00007ffccbb70000 - 0x00007ffccbb8f000 	C:\Windows\SYSTEM32\WINMM.dll
0x00007ffccc9d0000 - 0x00007ffccc9da000 	C:\Windows\SYSTEM32\VERSION.dll
0x00007ffcd0270000 - 0x00007ffcd0277000 	C:\Windows\system32\PSAPI.DLL
0x00007ffcd0280000 - 0x00007ffcd02d8000 	C:\Windows\system32\WS2_32.dll
0x00007ffccb5d0000 - 0x00007ffccb5fa000 	C:\Windows\SYSTEM32\WINMMBASE.dll
0x00007ffcd2790000 - 0x00007ffcd2799000 	C:\Windows\system32\NSI.dll
0x00007ffccffd0000 - 0x00007ffcd001a000 	C:\Windows\SYSTEM32\cfgmgr32.dll
0x00007ffccea20000 - 0x00007ffccea46000 	C:\Windows\SYSTEM32\DEVOBJ.dll
0x000000005e030000 - 0x000000005e03f000 	C:\Program Files\Java\jre1.8.0_40\bin\verify.dll
0x000000005e000000 - 0x000000005e029000 	C:\Program Files\Java\jre1.8.0_40\bin\java.dll
0x000000005de40000 - 0x000000005de75000 	C:\Program Files\Java\jre1.8.0_40\bin\jdwp.dll
0x000000005cfa0000 - 0x000000005cfa8000 	C:\Program Files\Java\jre1.8.0_40\bin\npt.dll
0x000000005dfe0000 - 0x000000005dff6000 	C:\Program Files\Java\jre1.8.0_40\bin\zip.dll
0x000000005cf90000 - 0x000000005cf99000 	C:\Program Files\Java\jre1.8.0_40\bin\dt_socket.dll
0x00007ffcc5ec0000 - 0x00007ffcc5ed4000 	C:\Windows\system32\napinsp.dll
0x00007ffcc5ea0000 - 0x00007ffcc5eb9000 	C:\Windows\system32\pnrpnsp.dll
0x00007ffcca1e0000 - 0x00007ffcca1fb000 	C:\Windows\system32\NLAapi.dll
0x00007ffccf400000 - 0x00007ffccf458000 	C:\Windows\System32\mswsock.dll
0x00007ffccf210000 - 0x00007ffccf2b3000 	C:\Windows\SYSTEM32\DNSAPI.dll
0x00007ffcc5f60000 - 0x00007ffcc5f6c000 	C:\Windows\System32\winrnr.dll
0x00007ffcc9860000 - 0x00007ffcc98c8000 	C:\Windows\System32\fwpuclnt.dll
0x00007ffcc7200000 - 0x00007ffcc7209000 	C:\Windows\System32\rasadhlp.dll
0x00007ffcc9e50000 - 0x00007ffcc9fd8000 	C:\Windows\SYSTEM32\dbghelp.dll

VM Arguments:
jvm_args: -agentlib:jdwp=transport=dt_socket,suspend=y,address=localhost:53810 -Dfile.encoding=UTF-8 
java_command: Problems3.Biggest3PrimeNumbers
java_class_path (initial): D:\JavaBasics\Exams\bin
Launcher Type: SUN_STANDARD

Environment Variables:
PATH=C:/Program Files/Java/jre1.8.0_40/bin/server;C:/Program Files/Java/jre1.8.0_40/bin;C:/Program Files/Java/jre1.8.0_40/lib/amd64;C:\ProgramData\Oracle\Java\javapath;C:\Program Files (x86)\NVIDIA Corporation\PhysX\Common;C:\Windows\system32;C:\Windows;C:\Windows\System32\Wbem;C:\Windows\System32\WindowsPowerShell\v1.0\;C:\Program Files (x86)\Windows Kits\8.1\Windows Performance Toolkit\;C:\Program Files\Microsoft SQL Server\110\Tools\Binn\;C:\Program Files (x86)\Microsoft SDKs\TypeScript\1.0\;C:\Program Files\Microsoft SQL Server\120\Tools\Binn\;C:\Program Files\TortoiseSVN\bin;C:\Program Files (x86)\Git\cmd;C:\Program Files (x86)\Git\bin; C:\Program Files\Java\jdk1.8.0_40\bin;C:\Program Files\Java\jdk1.8.0_40\bin;D:\Programs\eclipse;
USERNAME=Katerina
OS=Windows_NT
PROCESSOR_IDENTIFIER=Intel64 Family 6 Model 58 Stepping 9, GenuineIntel



---------------  S Y S T E M  ---------------

OS: Windows 8.1 , 64 bit Build 9600 (6.3.9600.17056)

CPU:total 4 (4 cores per cpu, 1 threads per core) family 6 model 58 stepping 9, cmov, cx8, fxsr, mmx, sse, sse2, sse3, ssse3, sse4.1, sse4.2, popcnt, avx, aes, clmul, erms, tsc, tscinvbit, tscinv

Memory: 4k page, physical 8326680k(4901004k free), swap 12741952k(2722920k free)

vm_info: Java HotSpot(TM) 64-Bit Server VM (25.40-b25) for windows-amd64 JRE (1.8.0_40-ea-b23), built on Jan 27 2015 19:35:49 by "java_re" with MS VC++ 10.0 (VS2010)

time: Sat Feb 07 17:03:33 2015
elapsed time: 2048 seconds (0d 0h 34m 8s)

